Case #1:
Impossible
Case #2:
.
Case #3:
./\..
.\//\
./\\/
.\/..
Case #4:
/\./\
\/.\/
./\/\
.\/\/
/\./\
\/.\/
Case #5:
/\..
\//\
/\\/
\/..
Case #6:
Impossible
Case #7:
/\/\/\
\/\/\/
/\/\/\
\/\/\/
/\/\/\
\/\/\/
Case #8:
/\./\.
\/.\/.
/\/\/\
\/\/\/
Case #9:
/\.
\/.
/\.
\/.
Case #10:
Impossible
Case #11:
Impossible
Case #12:
/\/\..
\/\//\
/\/\\/
\/\//\
/\/\\/
\/\/..
Case #13:
/\..
\/..
../\
/\\/
\/..
Case #14:
Impossible
Case #15:
/\/\.
\/\/.
.....
Case #16:
/\/\/\
\/\/\/
/\/\..
\/\/..
/\/\/\
\/\/\/
Case #17:
/\../\
\//\\/
..\/..
/\../\
\//\\/
..\/..
Case #18:
Impossible
Case #19:
/\/\.
\/\/.
/\/\.
\/\/.
.....
Case #20:
/\.
\/.
...
